<?xml version="1.0" encoding="UTF-8"?>
<robot generator="Robot 7.3.2 (Python 3.13.5 on win32)" generated="2026-02-10T11:32:13.285627" rpa="false" schemaversion="5">
<suite id="s1" name="Bandcamp" source="D:\automatizacion\nemesis-automation\robot\bandcamp.robot">
<test id="s1-t1" name="Extraer URLs E Imagenes De Bandcamp" line="15">
<kw name="Leer URLs Desde CSV">
<kw name="Get File" owner="OperatingSystem">
<msg time="2026-02-10T11:32:13.436233" level="INFO" html="true">Getting file '&lt;a href="file://D:\automatizacion\nemesis-automation\robot\bandcamp_urls.csv"&gt;D:\automatizacion\nemesis-automation\robot\bandcamp_urls.csv&lt;/a&gt;'.</msg>
<msg time="2026-02-10T11:32:13.436490" level="INFO">${lines} = https://immortalfrostproductions1.bandcamp.com/album/vampyric-war-in-blood
https://immortalfrostproductions1.bandcamp.com/album/castle-inside-the-eclipse
https://immortalfrostproductions1.bandcamp.com...</msg>
<var>${lines}</var>
<arg>${INPUT_FILE}</arg>
<doc>Returns the contents of a specified file.</doc>
<status status="PASS" start="2026-02-10T11:32:13.436084" elapsed="0.000438"/>
</kw>
<kw name="Create List" owner="BuiltIn">
<msg time="2026-02-10T11:32:13.436750" level="INFO">${urls} = []</msg>
<var>${urls}</var>
<doc>Returns a list containing given items.</doc>
<status status="PASS" start="2026-02-10T11:32:13.436637" elapsed="0.000139"/>
</kw>
<for flavor="IN">
<iter>
<kw name="Append To List" owner="Collections">
<arg>${urls}</arg>
<arg>${line}</arg>
<doc>Adds ``values`` to the end of ``list``.</doc>
<status status="PASS" start="2026-02-10T11:32:13.437293" elapsed="0.000129"/>
</kw>
<var name="${line}">https://immortalfrostproductions1.bandcamp.com/album/vampyric-war-in-blood</var>
<status status="PASS" start="2026-02-10T11:32:13.437214" elapsed="0.000252"/>
</iter>
<iter>
<kw name="Append To List" owner="Collections">
<arg>${urls}</arg>
<arg>${line}</arg>
<doc>Adds ``values`` to the end of ``list``.</doc>
<status status="PASS" start="2026-02-10T11:32:13.437625" elapsed="0.000122"/>
</kw>
<var name="${line}">https://immortalfrostproductions1.bandcamp.com/album/castle-inside-the-eclipse</var>
<status status="PASS" start="2026-02-10T11:32:13.437557" elapsed="0.000232"/>
</iter>
<iter>
<kw name="Append To List" owner="Collections">
<arg>${urls}</arg>
<arg>${line}</arg>
<doc>Adds ``values`` to the end of ``list``.</doc>
<status status="PASS" start="2026-02-10T11:32:13.437932" elapsed="0.000116"/>
</kw>
<var name="${line}">https://immortalfrostproductions1.bandcamp.com/album/onrust</var>
<status status="PASS" start="2026-02-10T11:32:13.437869" elapsed="0.000220"/>
</iter>
<iter>
<kw name="Append To List" owner="Collections">
<arg>${urls}</arg>
<arg>${line}</arg>
<doc>Adds ``values`` to the end of ``list``.</doc>
<status status="PASS" start="2026-02-10T11:32:13.438226" elapsed="0.000117"/>
</kw>
<var name="${line}">https://silentiuminforestarecords.bandcamp.com/album/m-ldeponie-the-lord-of-time-sold-out</var>
<status status="PASS" start="2026-02-10T11:32:13.438163" elapsed="0.000220"/>
</iter>
<iter>
<kw name="Append To List" owner="Collections">
<arg>${urls}</arg>
<arg>${line}</arg>
<doc>Adds ``values`` to the end of ``list``.</doc>
<status status="PASS" start="2026-02-10T11:32:13.438524" elapsed="0.000115"/>
</kw>
<var name="${line}">https://andallicansayis.bandcamp.com/album/these-hopes-are-long-lost</var>
<status status="PASS" start="2026-02-10T11:32:13.438461" elapsed="0.000221"/>
</iter>
<iter>
<kw name="Append To List" owner="Collections">
<arg>${urls}</arg>
<arg>${line}</arg>
<doc>Adds ``values`` to the end of ``list``.</doc>
<status status="PASS" start="2026-02-10T11:32:13.438834" elapsed="0.000116"/>
</kw>
<var name="${line}">https://parazitmx.bandcamp.com/album/zero-to-me</var>
<status status="PASS" start="2026-02-10T11:32:13.438760" elapsed="0.000230"/>
</iter>
<iter>
<kw name="Append To List" owner="Collections">
<arg>${urls}</arg>
<arg>${line}</arg>
<doc>Adds ``values`` to the end of ``list``.</doc>
<status status="PASS" start="2026-02-10T11:32:13.439124" elapsed="0.000117"/>
</kw>
<var name="${line}">https://spectrallore.bandcamp.com/album/iv-part-2-demo</var>
<status status="PASS" start="2026-02-10T11:32:13.439062" elapsed="0.000220"/>
</iter>
<iter>
<kw name="Append To List" owner="Collections">
<arg>${urls}</arg>
<arg>${line}</arg>
<doc>Adds ``values`` to the end of ``list``.</doc>
<status status="PASS" start="2026-02-10T11:32:13.439418" elapsed="0.000112"/>
</kw>
<var name="${line}">https://phelios.bandcamp.com/album/timelapse</var>
<status status="PASS" start="2026-02-10T11:32:13.439355" elapsed="0.000215"/>
</iter>
<iter>
<kw name="Append To List" owner="Collections">
<arg>${urls}</arg>
<arg>${line}</arg>
<doc>Adds ``values`` to the end of ``list``.</doc>
<status status="PASS" start="2026-02-10T11:32:13.439709" elapsed="0.000119"/>
</kw>
<var name="${line}">https://algol-official.bandcamp.com/track/becoming-nothing</var>
<status status="PASS" start="2026-02-10T11:32:13.439647" elapsed="0.000221"/>
</iter>
<iter>
<kw name="Append To List" owner="Collections">
<arg>${urls}</arg>
<arg>${line}</arg>
<doc>Adds ``values`` to the end of ``list``.</doc>
<status status="PASS" start="2026-02-10T11:32:13.440006" elapsed="0.000115"/>
</kw>
<var name="${line}">https://parazitmx.bandcamp.com/album/neomoira</var>
<status status="PASS" start="2026-02-10T11:32:13.439942" elapsed="0.000222"/>
</iter>
<iter>
<kw name="Append To List" owner="Collections">
<arg>${urls}</arg>
<arg>${line}</arg>
<doc>Adds ``values`` to the end of ``list``.</doc>
<status status="PASS" start="2026-02-10T11:32:13.440300" elapsed="0.000118"/>
</kw>
<var name="${line}">https://himmelsrandt.bandcamp.com/album/glossolalie</var>
<status status="PASS" start="2026-02-10T11:32:13.440237" elapsed="0.000224"/>
</iter>
<iter>
<kw name="Append To List" owner="Collections">
<arg>${urls}</arg>
<arg>${line}</arg>
<doc>Adds ``values`` to the end of ``list``.</doc>
<status status="PASS" start="2026-02-10T11:32:13.440599" elapsed="0.000120"/>
</kw>
<var name="${line}">https://libraryoftheoccult.bandcamp.com/album/magick-knives</var>
<status status="PASS" start="2026-02-10T11:32:13.440536" elapsed="0.000223"/>
</iter>
<iter>
<kw name="Append To List" owner="Collections">
<arg>${urls}</arg>
<arg>${line}</arg>
<doc>Adds ``values`` to the end of ``list``.</doc>
<status status="PASS" start="2026-02-10T11:32:13.440905" elapsed="0.000117"/>
</kw>
<var name="${line}">https://inthemeantime3.bandcamp.com/album/nox-aeterna-atmospheric-doom-death-metal</var>
<status status="PASS" start="2026-02-10T11:32:13.440841" elapsed="0.000221"/>
</iter>
<iter>
<kw name="Append To List" owner="Collections">
<arg>${urls}</arg>
<arg>${line}</arg>
<doc>Adds ``values`` to the end of ``list``.</doc>
<status status="PASS" start="2026-02-10T11:32:13.441203" elapsed="0.000112"/>
</kw>
<var name="${line}">https://inekt.bandcamp.com/album/vindr-auga</var>
<status status="PASS" start="2026-02-10T11:32:13.441138" elapsed="0.000217"/>
</iter>
<iter>
<kw name="Append To List" owner="Collections">
<arg>${urls}</arg>
<arg>${line}</arg>
<doc>Adds ``values`` to the end of ``list``.</doc>
<status status="PASS" start="2026-02-10T11:32:13.441489" elapsed="0.000113"/>
</kw>
<var name="${line}">https://persecutory.bandcamp.com/album/summoning-the-lawless-legions</var>
<status status="PASS" start="2026-02-10T11:32:13.441427" elapsed="0.000215"/>
</iter>
<iter>
<kw name="Append To List" owner="Collections">
<arg>${urls}</arg>
<arg>${line}</arg>
<doc>Adds ``values`` to the end of ``list``.</doc>
<status status="PASS" start="2026-02-10T11:32:13.441783" elapsed="0.000112"/>
</kw>
<var name="${line}">https://ennui-funeral.bandcamp.com/album/qroba</var>
<status status="PASS" start="2026-02-10T11:32:13.441717" elapsed="0.000217"/>
</iter>
<iter>
<kw name="Append To List" owner="Collections">
<arg>${urls}</arg>
<arg>${line}</arg>
<doc>Adds ``values`` to the end of ``list``.</doc>
<status status="PASS" start="2026-02-10T11:32:13.442068" elapsed="0.000112"/>
</kw>
<var name="${line}">https://nodtveidtblacklion.bandcamp.com/album/black-light-pantheon</var>
<status status="PASS" start="2026-02-10T11:32:13.442007" elapsed="0.000308"/>
</iter>
<iter>
<kw name="Append To List" owner="Collections">
<arg>${urls}</arg>
<arg>${line}</arg>
<doc>Adds ``values`` to the end of ``list``.</doc>
<status status="PASS" start="2026-02-10T11:32:13.442467" elapsed="0.000120"/>
</kw>
<var name="${line}">https://lychgate.bandcamp.com/album/precipice</var>
<status status="PASS" start="2026-02-10T11:32:13.442401" elapsed="0.000224"/>
</iter>
<iter>
<kw name="Append To List" owner="Collections">
<arg>${urls}</arg>
<arg>${line}</arg>
<doc>Adds ``values`` to the end of ``list``.</doc>
<status status="PASS" start="2026-02-10T11:32:13.442784" elapsed="0.000145"/>
</kw>
<var name="${line}">https://lychgate.bandcamp.com/album/also-sprach-futura</var>
<status status="PASS" start="2026-02-10T11:32:13.442700" elapsed="0.000272"/>
</iter>
<iter>
<kw name="Append To List" owner="Collections">
<arg>${urls}</arg>
<arg>${line}</arg>
<doc>Adds ``values`` to the end of ``list``.</doc>
<status status="PASS" start="2026-02-10T11:32:13.443118" elapsed="0.000119"/>
</kw>
<var name="${line}">https://lychgate.bandcamp.com/album/the-contagion-in-nine-steps-2</var>
<status status="PASS" start="2026-02-10T11:32:13.443050" elapsed="0.000227"/>
</iter>
<iter>
<kw name="Append To List" owner="Collections">
<arg>${urls}</arg>
<arg>${line}</arg>
<doc>Adds ``values`` to the end of ``list``.</doc>
<status status="PASS" start="2026-02-10T11:32:13.443414" elapsed="0.000114"/>
</kw>
<var name="${line}">https://lychgate.bandcamp.com/album/an-antidote-for-the-glass-pill-2</var>
<status status="PASS" start="2026-02-10T11:32:13.443351" elapsed="0.000217"/>
</iter>
<iter>
<kw name="Append To List" owner="Collections">
<arg>${urls}</arg>
<arg>${line}</arg>
<doc>Adds ``values`` to the end of ``list``.</doc>
<status status="PASS" start="2026-02-10T11:32:13.443707" elapsed="0.000112"/>
</kw>
<var name="${line}">https://ladlo.bandcamp.com/album/aux-heures-d-sesp-r-es</var>
<status status="PASS" start="2026-02-10T11:32:13.443644" elapsed="0.000215"/>
</iter>
<iter>
<kw name="Append To List" owner="Collections">
<arg>${urls}</arg>
<arg>${line}</arg>
<doc>Adds ``values`` to the end of ``list``.</doc>
<status status="PASS" start="2026-02-10T11:32:13.443994" elapsed="0.000116"/>
</kw>
<var name="${line}">https://toskadarkmetal.bandcamp.com/album/demo-2026</var>
<status status="PASS" start="2026-02-10T11:32:13.443932" elapsed="0.000217"/>
</iter>
<iter>
<kw name="Append To List" owner="Collections">
<arg>${urls}</arg>
<arg>${line}</arg>
<doc>Adds ``values`` to the end of ``list``.</doc>
<status status="PASS" start="2026-02-10T11:32:13.444285" elapsed="0.000112"/>
</kw>
<var name="${line}">https://avantgardemusic.bandcamp.com/album/meanders</var>
<status status="PASS" start="2026-02-10T11:32:13.444222" elapsed="0.000214"/>
</iter>
<iter>
<kw name="Append To List" owner="Collections">
<arg>${urls}</arg>
<arg>${line}</arg>
<doc>Adds ``values`` to the end of ``list``.</doc>
<status status="PASS" start="2026-02-10T11:32:13.444574" elapsed="0.000113"/>
</kw>
<var name="${line}">https://avantgardemusic.bandcamp.com/album/stillamentum</var>
<status status="PASS" start="2026-02-10T11:32:13.444511" elapsed="0.000215"/>
</iter>
<iter>
<kw name="Append To List" owner="Collections">
<arg>${urls}</arg>
<arg>${line}</arg>
<doc>Adds ``values`` to the end of ``list``.</doc>
<status status="PASS" start="2026-02-10T11:32:13.444871" elapsed="0.000115"/>
</kw>
<var name="${line}">https://domininocticol.bandcamp.com/album/filosof-a-de-la-antimateria-el-pasajero-oscuro</var>
<status status="PASS" start="2026-02-10T11:32:13.444799" elapsed="0.000226"/>
</iter>
<iter>
<kw name="Append To List" owner="Collections">
<arg>${urls}</arg>
<arg>${line}</arg>
<doc>Adds ``values`` to the end of ``list``.</doc>
<status status="PASS" start="2026-02-10T11:32:13.445163" elapsed="0.000113"/>
</kw>
<var name="${line}">https://domininocticol.bandcamp.com/album/dark-samadhi-the-quest-of-the-seeker</var>
<status status="PASS" start="2026-02-10T11:32:13.445098" elapsed="0.000218"/>
</iter>
<iter>
<kw name="Append To List" owner="Collections">
<arg>${urls}</arg>
<arg>${line}</arg>
<doc>Adds ``values`` to the end of ``list``.</doc>
<status status="PASS" start="2026-02-10T11:32:13.445450" elapsed="0.000113"/>
</kw>
<var name="${line}">https://olhava.bandcamp.com/album/memorial</var>
<status status="PASS" start="2026-02-10T11:32:13.445389" elapsed="0.000214"/>
</iter>
<iter>
<kw name="Append To List" owner="Collections">
<arg>${urls}</arg>
<arg>${line}</arg>
<doc>Adds ``values`` to the end of ``list``.</doc>
<status status="PASS" start="2026-02-10T11:32:13.445737" elapsed="0.000295"/>
</kw>
<var name="${line}">https://olhava.bandcamp.com/album/sacrifice</var>
<status status="PASS" start="2026-02-10T11:32:13.445675" elapsed="0.000401"/>
</iter>
<iter>
<kw name="Append To List" owner="Collections">
<arg>${urls}</arg>
<arg>${line}</arg>
<doc>Adds ``values`` to the end of ``list``.</doc>
<status status="PASS" start="2026-02-10T11:32:13.446219" elapsed="0.000114"/>
</kw>
<var name="${line}">https://olhava.bandcamp.com/album/eternal-fire</var>
<status status="PASS" start="2026-02-10T11:32:13.446154" elapsed="0.000220"/>
</iter>
<iter>
<kw name="Append To List" owner="Collections">
<arg>${urls}</arg>
<arg>${line}</arg>
<doc>Adds ``values`` to the end of ``list``.</doc>
<status status="PASS" start="2026-02-10T11:32:13.446508" elapsed="0.000112"/>
</kw>
<var name="${line}">https://severoth.bandcamp.com/album/by-the-way-of-light</var>
<status status="PASS" start="2026-02-10T11:32:13.446446" elapsed="0.000213"/>
</iter>
<iter>
<kw name="Append To List" owner="Collections">
<arg>${urls}</arg>
<arg>${line}</arg>
<doc>Adds ``values`` to the end of ``list``.</doc>
<status status="PASS" start="2026-02-10T11:32:13.446795" elapsed="0.000120"/>
</kw>
<var name="${line}">https://avantgardemusic.bandcamp.com/album/the-outsider</var>
<status status="PASS" start="2026-02-10T11:32:13.446733" elapsed="0.000222"/>
</iter>
<iter>
<kw name="Append To List" owner="Collections">
<arg>${urls}</arg>
<arg>${line}</arg>
<doc>Adds ``values`` to the end of ``list``.</doc>
<status status="PASS" start="2026-02-10T11:32:13.447090" elapsed="0.000111"/>
</kw>
<var name="${line}">https://alicemertonmusic.bandcamp.com/music</var>
<status status="PASS" start="2026-02-10T11:32:13.447028" elapsed="0.000212"/>
</iter>
<iter>
<kw name="Append To List" owner="Collections">
<arg>${urls}</arg>
<arg>${line}</arg>
<doc>Adds ``values`` to the end of ``list``.</doc>
<status status="PASS" start="2026-02-10T11:32:13.447376" elapsed="0.000112"/>
</kw>
<var name="${line}">https://coldnightforalligators.bandcamp.com/album/with-all-thats-left</var>
<status status="PASS" start="2026-02-10T11:32:13.447315" elapsed="0.000212"/>
</iter>
<iter>
<kw name="Append To List" owner="Collections">
<arg>${urls}</arg>
<arg>${line}</arg>
<doc>Adds ``values`` to the end of ``list``.</doc>
<status status="PASS" start="2026-02-10T11:32:13.447660" elapsed="0.000111"/>
</kw>
<var name="${line}">https://dzdeathrays.bandcamp.com/album/easing-out-of-control</var>
<status status="PASS" start="2026-02-10T11:32:13.447599" elapsed="0.000211"/>
</iter>
<iter>
<kw name="Append To List" owner="Collections">
<arg>${urls}</arg>
<arg>${line}</arg>
<doc>Adds ``values`` to the end of ``list``.</doc>
<status status="PASS" start="2026-02-10T11:32:13.447944" elapsed="0.000112"/>
</kw>
<var name="${line}">https://jessymach.bandcamp.com/album/chronicles-of-castle-black</var>
<status status="PASS" start="2026-02-10T11:32:13.447881" elapsed="0.000215"/>
</iter>
<iter>
<kw name="Append To List" owner="Collections">
<arg>${urls}</arg>
<arg>${line}</arg>
<doc>Adds ``values`` to the end of ``list``.</doc>
<status status="PASS" start="2026-02-10T11:32:13.448231" elapsed="0.000113"/>
</kw>
<var name="${line}">https://juliannabarwick.bandcamp.com/album/tragic-magic</var>
<status status="PASS" start="2026-02-10T11:32:13.448169" elapsed="0.000214"/>
</iter>
<iter>
<kw name="Append To List" owner="Collections">
<arg>${urls}</arg>
<arg>${line}</arg>
<doc>Adds ``values`` to the end of ``list``.</doc>
<status status="PASS" start="2026-02-10T11:32:13.448598" elapsed="0.000116"/>
</kw>
<var name="${line}">https://marianasrest.bandcamp.com/album/the-bereaved</var>
<status status="PASS" start="2026-02-10T11:32:13.448531" elapsed="0.000224"/>
</iter>
<iter>
<kw name="Append To List" owner="Collections">
<arg>${urls}</arg>
<arg>${line}</arg>
<doc>Adds ``values`` to the end of ``list``.</doc>
<status status="PASS" start="2026-02-10T11:32:13.448900" elapsed="0.000114"/>
</kw>
<var name="${line}">https://ovsulfur.bandcamp.com/album/endless-24-bit-hd-audio</var>
<status status="PASS" start="2026-02-10T11:32:13.448830" elapsed="0.000224"/>
</iter>
<iter>
<kw name="Append To List" owner="Collections">
<arg>${urls}</arg>
<arg>${line}</arg>
<doc>Adds ``values`` to the end of ``list``.</doc>
<status status="PASS" start="2026-02-10T11:32:13.449189" elapsed="0.000115"/>
</kw>
<var name="${line}">https://schattenfall.bandcamp.com/album/zwischen-erde-und-schatten</var>
<status status="PASS" start="2026-02-10T11:32:13.449127" elapsed="0.000221"/>
</iter>
<iter>
<kw name="Append To List" owner="Collections">
<arg>${urls}</arg>
<arg>${line}</arg>
<doc>Adds ``values`` to the end of ``list``.</doc>
<status status="PASS" start="2026-02-10T11:32:13.449484" elapsed="0.000113"/>
</kw>
<var name="${line}">https://sleepthrone.bandcamp.com/album/in-the-quiet-hours</var>
<status status="PASS" start="2026-02-10T11:32:13.449422" elapsed="0.000215"/>
</iter>
<iter>
<kw name="Append To List" owner="Collections">
<arg>${urls}</arg>
<arg>${line}</arg>
<doc>Adds ``values`` to the end of ``list``.</doc>
<status status="PASS" start="2026-02-10T11:32:13.449773" elapsed="0.000113"/>
</kw>
<var name="${line}">https://theprotomen.bandcamp.com/album/act-iii-this-city-made-us</var>
<status status="PASS" start="2026-02-10T11:32:13.449710" elapsed="0.000216"/>
</iter>
<iter>
<kw name="Append To List" owner="Collections">
<arg>${urls}</arg>
<arg>${line}</arg>
<doc>Adds ``values`` to the end of ``list``.</doc>
<status status="PASS" start="2026-02-10T11:32:13.450061" elapsed="0.000112"/>
</kw>
<var name="${line}">https://ssupervvoid.bandcamp.com/album/ep1</var>
<status status="PASS" start="2026-02-10T11:32:13.449999" elapsed="0.000213"/>
</iter>
<iter>
<kw name="Append To List" owner="Collections">
<arg>${urls}</arg>
<arg>${line}</arg>
<doc>Adds ``values`` to the end of ``list``.</doc>
<status status="PASS" start="2026-02-10T11:32:13.450346" elapsed="0.000114"/>
</kw>
<var name="${line}">https://understockport.bandcamp.com/album/what-happened-in-roundwood</var>
<status status="PASS" start="2026-02-10T11:32:13.450285" elapsed="0.000214"/>
</iter>
<iter>
<kw name="Append To List" owner="Collections">
<arg>${urls}</arg>
<arg>${line}</arg>
<doc>Adds ``values`` to the end of ``list``.</doc>
<status status="PASS" start="2026-02-10T11:32:13.450633" elapsed="0.000110"/>
</kw>
<var name="${line}">https://vesseles.bandcamp.com/album/home</var>
<status status="PASS" start="2026-02-10T11:32:13.450572" elapsed="0.000210"/>
</iter>
<iter>
<kw name="Append To List" owner="Collections">
<arg>${urls}</arg>
<arg>${line}</arg>
<doc>Adds ``values`` to the end of ``list``.</doc>
<status status="PASS" start="2026-02-10T11:32:13.450927" elapsed="0.000116"/>
</kw>
<var name="${line}">https://eximperitus.bandcamp.com/album/meritoriousness-of-equanimity</var>
<status status="PASS" start="2026-02-10T11:32:13.450864" elapsed="0.000219"/>
</iter>
<iter>
<kw name="Append To List" owner="Collections">
<arg>${urls}</arg>
<arg>${line}</arg>
<doc>Adds ``values`` to the end of ``list``.</doc>
<status status="PASS" start="2026-02-10T11:32:13.451216" elapsed="0.000114"/>
</kw>
<var name="${line}">https://eximperitus.bandcamp.com/track/opium-dead-can-dance-cover</var>
<status status="PASS" start="2026-02-10T11:32:13.451154" elapsed="0.000217"/>
</iter>
<iter>
<kw name="Append To List" owner="Collections">
<arg>${urls}</arg>
<arg>${line}</arg>
<doc>Adds ``values`` to the end of ``list``.</doc>
<status status="PASS" start="2026-02-10T11:32:13.451505" elapsed="0.000114"/>
</kw>
<var name="${line}">https://ladlo.bandcamp.com/album/r-sonances</var>
<status status="PASS" start="2026-02-10T11:32:13.451443" elapsed="0.000215"/>
</iter>
<iter>
<kw name="Append To List" owner="Collections">
<arg>${urls}</arg>
<arg>${line}</arg>
<doc>Adds ``values`` to the end of ``list``.</doc>
<status status="PASS" start="2026-02-10T11:32:13.451793" elapsed="0.000110"/>
</kw>
<var name="${line}">https://gavran.bandcamp.com/album/the-one-who-propels</var>
<status status="PASS" start="2026-02-10T11:32:13.451731" elapsed="0.000212"/>
</iter>
<iter>
<kw name="Append To List" owner="Collections">
<arg>${urls}</arg>
<arg>${line}</arg>
<doc>Adds ``values`` to the end of ``list``.</doc>
<status status="PASS" start="2026-02-10T11:32:13.452075" elapsed="0.000112"/>
</kw>
<var name="${line}">https://gorrch.bandcamp.com/album/stillamentum</var>
<status status="PASS" start="2026-02-10T11:32:13.452014" elapsed="0.000213"/>
</iter>
<iter>
<kw name="Append To List" owner="Collections">
<arg>${urls}</arg>
<arg>${line}</arg>
<doc>Adds ``values`` to the end of ``list``.</doc>
<status status="PASS" start="2026-02-10T11:32:13.452364" elapsed="0.000115"/>
</kw>
<var name="${line}">https://malignant-aura.bandcamp.com/album/where-all-of-worth-comes-to-wither</var>
<status status="PASS" start="2026-02-10T11:32:13.452299" elapsed="0.000220"/>
</iter>
<iter>
<kw name="Append To List" owner="Collections">
<arg>${urls}</arg>
<arg>${line}</arg>
<doc>Adds ``values`` to the end of ``list``.</doc>
<status status="PASS" start="2026-02-10T11:32:13.452654" elapsed="0.000115"/>
</kw>
<var name="${line}">https://moeldk.bandcamp.com/album/dreamcrush</var>
<status status="PASS" start="2026-02-10T11:32:13.452591" elapsed="0.000218"/>
</iter>
<iter>
<kw name="Append To List" owner="Collections">
<arg>${urls}</arg>
<arg>${line}</arg>
<doc>Adds ``values`` to the end of ``list``.</doc>
<status status="PASS" start="2026-02-10T11:32:13.452979" elapsed="0.000118"/>
</kw>
<var name="${line}">https://nightmarer.bandcamp.com/album/hell-interface</var>
<status status="PASS" start="2026-02-10T11:32:13.452912" elapsed="0.000224"/>
</iter>
<iter>
<kw name="Append To List" owner="Collections">
<arg>${urls}</arg>
<arg>${line}</arg>
<doc>Adds ``values`` to the end of ``list``.</doc>
<status status="PASS" start="2026-02-10T11:32:13.453276" elapsed="0.000117"/>
</kw>
<var name="${line}">https://plantoidworld.bandcamp.com/album/flare</var>
<status status="PASS" start="2026-02-10T11:32:13.453213" elapsed="0.000220"/>
</iter>
<iter>
<kw name="Append To List" owner="Collections">
<arg>${urls}</arg>
<arg>${line}</arg>
<doc>Adds ``values`` to the end of ``list``.</doc>
<status status="PASS" start="2026-02-10T11:32:13.453569" elapsed="0.000118"/>
</kw>
<var name="${line}">https://qasu.bandcamp.com/album/a-bleak-king-cometh</var>
<status status="PASS" start="2026-02-10T11:32:13.453505" elapsed="0.000223"/>
</iter>
<iter>
<kw name="Append To List" owner="Collections">
<arg>${urls}</arg>
<arg>${line}</arg>
<doc>Adds ``values`` to the end of ``list``.</doc>
<status status="PASS" start="2026-02-10T11:32:13.453864" elapsed="0.000117"/>
</kw>
<var name="${line}">https://sanctvs.bandcamp.com/album/de-lab-me-au-pl-r-me</var>
<status status="PASS" start="2026-02-10T11:32:13.453800" elapsed="0.000223"/>
</iter>
<iter>
<kw name="Append To List" owner="Collections">
<arg>${urls}</arg>
<arg>${line}</arg>
<doc>Adds ``values`` to the end of ``list``.</doc>
<status status="PASS" start="2026-02-10T11:32:13.454156" elapsed="0.000113"/>
</kw>
<var name="${line}">https://shieldsuk.bandcamp.com/album/death-connection</var>
<status status="PASS" start="2026-02-10T11:32:13.454095" elapsed="0.000214"/>
</iter>
<iter>
<kw name="Append To List" owner="Collections">
<arg>${urls}</arg>
<arg>${line}</arg>
<doc>Adds ``values`` to the end of ``list``.</doc>
<status status="PASS" start="2026-02-10T11:32:13.454492" elapsed="0.000116"/>
</kw>
<var name="${line}">https://immortalfrostproductions1.bandcamp.com/album/malefic-necropolis</var>
<status status="PASS" start="2026-02-10T11:32:13.454427" elapsed="0.000222"/>
</iter>
<iter>
<kw name="Append To List" owner="Collections">
<arg>${urls}</arg>
<arg>${line}</arg>
<doc>Adds ``values`` to the end of ``list``.</doc>
<status status="PASS" start="2026-02-10T11:32:13.454784" elapsed="0.000125"/>
</kw>
<var name="${line}">https://skulldband.bandcamp.com/album/abyss-call-to-abyss</var>
<status status="PASS" start="2026-02-10T11:32:13.454722" elapsed="0.000228"/>
</iter>
<iter>
<kw name="Append To List" owner="Collections">
<arg>${urls}</arg>
<arg>${line}</arg>
<doc>Adds ``values`` to the end of ``list``.</doc>
<status status="PASS" start="2026-02-10T11:32:13.455083" elapsed="0.000114"/>
</kw>
<var name="${line}">https://summerofhate.bandcamp.com/album/blood-honey</var>
<status status="PASS" start="2026-02-10T11:32:13.455021" elapsed="0.000216"/>
</iter>
<iter>
<kw name="Append To List" owner="Collections">
<arg>${urls}</arg>
<arg>${line}</arg>
<doc>Adds ``values`` to the end of ``list``.</doc>
<status status="PASS" start="2026-02-10T11:32:13.455374" elapsed="0.000113"/>
</kw>
<var name="${line}">https://syberia.bandcamp.com/album/quan-tot-sapagui</var>
<status status="PASS" start="2026-02-10T11:32:13.455308" elapsed="0.000219"/>
</iter>
<iter>
<kw name="Append To List" owner="Collections">
<arg>${urls}</arg>
<arg>${line}</arg>
<doc>Adds ``values`` to the end of ``list``.</doc>
<status status="PASS" start="2026-02-10T11:32:13.455660" elapsed="0.000118"/>
</kw>
<var name="${line}">https://thehirscheffekt.bandcamp.com/album/der-brauch</var>
<status status="PASS" start="2026-02-10T11:32:13.455598" elapsed="0.000220"/>
</iter>
<iter>
<kw name="Append To List" owner="Collections">
<arg>${urls}</arg>
<arg>${line}</arg>
<doc>Adds ``values`` to the end of ``list``.</doc>
<status status="PASS" start="2026-02-10T11:32:13.455950" elapsed="0.000134"/>
</kw>
<var name="${line}">https://godzovwarproductions.bandcamp.com/album/nieistnienie</var>
<status status="PASS" start="2026-02-10T11:32:13.455888" elapsed="0.000239"/>
</iter>
<iter>
<kw name="Append To List" owner="Collections">
<arg>${urls}</arg>
<arg>${line}</arg>
<doc>Adds ``values`` to the end of ``list``.</doc>
<status status="PASS" start="2026-02-10T11:32:13.456265" elapsed="0.000117"/>
</kw>
<var name="${line}">https://i-voidhangerrecords.bandcamp.com/album/from-the-waters-of-death</var>
<status status="PASS" start="2026-02-10T11:32:13.456199" elapsed="0.000223"/>
</iter>
<iter>
<kw name="Append To List" owner="Collections">
<arg>${urls}</arg>
<arg>${line}</arg>
<doc>Adds ``values`` to the end of ``list``.</doc>
<status status="PASS" start="2026-02-10T11:32:13.456562" elapsed="0.000121"/>
</kw>
<var name="${line}">https://arbitratorus.bandcamp.com/album/nephilim</var>
<status status="PASS" start="2026-02-10T11:32:13.456494" elapsed="0.000228"/>
</iter>
<iter>
<kw name="Append To List" owner="Collections">
<arg>${urls}</arg>
<arg>${line}</arg>
<doc>Adds ``values`` to the end of ``list``.</doc>
<status status="PASS" start="2026-02-10T11:32:13.456865" elapsed="0.000117"/>
</kw>
<var name="${line}">https://texturesband.bandcamp.com/album/genotype</var>
<status status="PASS" start="2026-02-10T11:32:13.456794" elapsed="0.000230"/>
</iter>
<iter>
<kw name="Append To List" owner="Collections">
<arg>${urls}</arg>
<arg>${line}</arg>
<doc>Adds ``values`` to the end of ``list``.</doc>
<status status="PASS" start="2026-02-10T11:32:13.457163" elapsed="0.000114"/>
</kw>
<var name="${line}">https://temptressofficial.bandcamp.com/album/hear</var>
<status status="PASS" start="2026-02-10T11:32:13.457098" elapsed="0.000220"/>
</iter>
<iter>
<kw name="Append To List" owner="Collections">
<arg>${urls}</arg>
<arg>${line}</arg>
<doc>Adds ``values`` to the end of ``list``.</doc>
<status status="PASS" start="2026-02-10T11:32:13.457456" elapsed="0.000116"/>
</kw>
<var name="${line}">https://newmiserableexperience.bandcamp.com/album/gild-the-lily</var>
<status status="PASS" start="2026-02-10T11:32:13.457393" elapsed="0.000219"/>
</iter>
<iter>
<kw name="Append To List" owner="Collections">
<arg>${urls}</arg>
<arg>${line}</arg>
<doc>Adds ``values`` to the end of ``list``.</doc>
<status status="PASS" start="2026-02-10T11:32:13.457754" elapsed="0.000117"/>
</kw>
<var name="${line}">https://manaus.bandcamp.com/album/disappearing</var>
<status status="PASS" start="2026-02-10T11:32:13.457686" elapsed="0.000224"/>
</iter>
<iter>
<kw name="Append To List" owner="Collections">
<arg>${urls}</arg>
<arg>${line}</arg>
<doc>Adds ``values`` to the end of ``list``.</doc>
<status status="PASS" start="2026-02-10T11:32:13.458050" elapsed="0.000117"/>
</kw>
<var name="${line}">https://juodvarnis.bandcamp.com/album/t-km-s</var>
<status status="PASS" start="2026-02-10T11:32:13.457984" elapsed="0.000224"/>
</iter>
<iter>
<kw name="Append To List" owner="Collections">
<arg>${urls}</arg>
<arg>${line}</arg>
<doc>Adds ``values`` to the end of ``list``.</doc>
<status status="PASS" start="2026-02-10T11:32:13.458343" elapsed="0.000116"/>
</kw>
<var name="${line}">https://hamasaari.bandcamp.com/album/pictures</var>
<status status="PASS" start="2026-02-10T11:32:13.458279" elapsed="0.000220"/>
</iter>
<iter>
<kw name="Append To List" owner="Collections">
<arg>${urls}</arg>
<arg>${line}</arg>
<doc>Adds ``values`` to the end of ``list``.</doc>
<status status="PASS" start="2026-02-10T11:32:13.458631" elapsed="0.000115"/>
</kw>
<var name="${line}">https://niechec.bandcamp.com/album/reckless-things</var>
<status status="PASS" start="2026-02-10T11:32:13.458569" elapsed="0.000218"/>
</iter>
<iter>
<kw name="Append To List" owner="Collections">
<arg>${urls}</arg>
<arg>${line}</arg>
<doc>Adds ``values`` to the end of ``list``.</doc>
<status status="PASS" start="2026-02-10T11:32:13.458937" elapsed="0.000113"/>
</kw>
<var name="${line}">https://finalgasp.bandcamp.com/album/new-day-symptoms</var>
<status status="PASS" start="2026-02-10T11:32:13.458870" elapsed="0.000220"/>
</iter>
<iter>
<kw name="Append To List" owner="Collections">
<arg>${urls}</arg>
<arg>${line}</arg>
<doc>Adds ``values`` to the end of ``list``.</doc>
<status status="PASS" start="2026-02-10T11:32:13.459223" elapsed="0.000114"/>
</kw>
<var name="${line}">https://20buckspin.bandcamp.com/album/changelings</var>
<status status="PASS" start="2026-02-10T11:32:13.459161" elapsed="0.000217"/>
</iter>
<iter>
<kw name="Append To List" owner="Collections">
<arg>${urls}</arg>
<arg>${line}</arg>
<doc>Adds ``values`` to the end of ``list``.</doc>
<status status="PASS" start="2026-02-10T11:32:13.459510" elapsed="0.000114"/>
</kw>
<var name="${line}">https://abhorrentexpanse.bandcamp.com/album/enter-the-misanthropocene</var>
<status status="PASS" start="2026-02-10T11:32:13.459449" elapsed="0.000215"/>
</iter>
<iter>
<kw name="Append To List" owner="Collections">
<arg>${urls}</arg>
<arg>${line}</arg>
<doc>Adds ``values`` to the end of ``list``.</doc>
<status status="PASS" start="2026-02-10T11:32:13.459800" elapsed="0.000113"/>
</kw>
<var name="${line}">https://baestband.bandcamp.com/album/colossal-24-bit-hd-audio</var>
<status status="PASS" start="2026-02-10T11:32:13.459738" elapsed="0.000216"/>
</iter>
<iter>
<kw name="Append To List" owner="Collections">
<arg>${urls}</arg>
<arg>${line}</arg>
<doc>Adds ``values`` to the end of ``list``.</doc>
<status status="PASS" start="2026-02-10T11:32:13.460091" elapsed="0.000115"/>
</kw>
<var name="${line}">https://castrator.bandcamp.com/album/coronation-of-the-grotesque</var>
<status status="PASS" start="2026-02-10T11:32:13.460026" elapsed="0.000220"/>
</iter>
<iter>
<kw name="Append To List" owner="Collections">
<arg>${urls}</arg>
<arg>${line}</arg>
<doc>Adds ``values`` to the end of ``list``.</doc>
<status status="PASS" start="2026-02-10T11:32:13.460381" elapsed="0.000116"/>
</kw>
<var name="${line}">https://h-e-x.bandcamp.com/album/ii</var>
<status status="PASS" start="2026-02-10T11:32:13.460317" elapsed="0.000308"/>
</iter>
<iter>
<kw name="Append To List" owner="Collections">
<arg>${urls}</arg>
<arg>${line}</arg>
<doc>Adds ``values`` to the end of ``list``.</doc>
<status status="PASS" start="2026-02-10T11:32:13.460769" elapsed="0.000124"/>
</kw>
<var name="${line}">https://marissanadler.bandcamp.com/album/new-radiations</var>
<status status="PASS" start="2026-02-10T11:32:13.460704" elapsed="0.000231"/>
</iter>
<iter>
<kw name="Append To List" owner="Collections">
<arg>${urls}</arg>
<arg>${line}</arg>
<doc>Adds ``values`` to the end of ``list``.</doc>
<status status="PASS" start="2026-02-10T11:32:13.461071" elapsed="0.000114"/>
</kw>
<var name="${line}">https://thetruepanopticon.bandcamp.com/album/laurentian-blue</var>
<status status="PASS" start="2026-02-10T11:32:13.461009" elapsed="0.000217"/>
</iter>
<iter>
<kw name="Append To List" owner="Collections">
<arg>${urls}</arg>
<arg>${line}</arg>
<doc>Adds ``values`` to the end of ``list``.</doc>
<status status="PASS" start="2026-02-10T11:32:13.461363" elapsed="0.000113"/>
</kw>
<var name="${line}">https://bindrunerecordings.bandcamp.com/album/songs-of-hiraeth</var>
<status status="PASS" start="2026-02-10T11:32:13.461300" elapsed="0.000217"/>
</iter>
<iter>
<kw name="Append To List" owner="Collections">
<arg>${urls}</arg>
<arg>${line}</arg>
<doc>Adds ``values`` to the end of ``list``.</doc>
<status status="PASS" start="2026-02-10T11:32:13.461654" elapsed="0.000114"/>
</kw>
<var name="${line}">https://officialphosphorus.bandcamp.com/album/frail-grasp-of-broken-hands</var>
<status status="PASS" start="2026-02-10T11:32:13.461589" elapsed="0.000219"/>
</iter>
<iter>
<kw name="Append To List" owner="Collections">
<arg>${urls}</arg>
<arg>${line}</arg>
<doc>Adds ``values`` to the end of ``list``.</doc>
<status status="PASS" start="2026-02-10T11:32:13.461942" elapsed="0.000112"/>
</kw>
<var name="${line}">https://pile.bandcamp.com/album/sunshine-and-balance-beams</var>
<status status="PASS" start="2026-02-10T11:32:13.461881" elapsed="0.000212"/>
</iter>
<iter>
<kw name="Append To List" owner="Collections">
<arg>${urls}</arg>
<arg>${line}</arg>
<doc>Adds ``values`` to the end of ``list``.</doc>
<status status="PASS" start="2026-02-10T11:32:13.462228" elapsed="0.000117"/>
</kw>
<var name="${line}">https://plaiins.bandcamp.com/album/sports-bar</var>
<status status="PASS" start="2026-02-10T11:32:13.462164" elapsed="0.000221"/>
</iter>
<iter>
<kw name="Append To List" owner="Collections">
<arg>${urls}</arg>
<arg>${line}</arg>
<doc>Adds ``values`` to the end of ``list``.</doc>
<status status="PASS" start="2026-02-10T11:32:13.462519" elapsed="0.000116"/>
</kw>
<var name="${line}">https://holygoatrecords.bandcamp.com/album/have-mind-will-travel-2</var>
<status status="PASS" start="2026-02-10T11:32:13.462458" elapsed="0.000216"/>
</iter>
<iter>
<kw name="Append To List" owner="Collections">
<arg>${urls}</arg>
<arg>${line}</arg>
<doc>Adds ``values`` to the end of ``list``.</doc>
<status status="PASS" start="2026-02-10T11:32:13.462812" elapsed="0.000123"/>
</kw>
<var name="${line}">https://alltidallena.bandcamp.com/album/opus</var>
<status status="PASS" start="2026-02-10T11:32:13.462746" elapsed="0.000230"/>
</iter>
<iter>
<kw name="Append To List" owner="Collections">
<arg>${urls}</arg>
<arg>${line}</arg>
<doc>Adds ``values`` to the end of ``list``.</doc>
<status status="PASS" start="2026-02-10T11:32:13.463112" elapsed="0.000112"/>
</kw>
<var name="${line}">https://baptistebrun.bandcamp.com/album/elevatio</var>
<status status="PASS" start="2026-02-10T11:32:13.463051" elapsed="0.000212"/>
</iter>
<iter>
<kw name="Append To List" owner="Collections">
<arg>${urls}</arg>
<arg>${line}</arg>
<doc>Adds ``values`` to the end of ``list``.</doc>
<status status="PASS" start="2026-02-10T11:32:13.463395" elapsed="0.000112"/>
</kw>
<var name="${line}">https://barshasketh.bandcamp.com/album/antinomian</var>
<status status="PASS" start="2026-02-10T11:32:13.463335" elapsed="0.000211"/>
</iter>
<iter>
<kw name="Append To List" owner="Collections">
<arg>${urls}</arg>
<arg>${line}</arg>
<doc>Adds ``values`` to the end of ``list``.</doc>
<status status="PASS" start="2026-02-10T11:32:13.463677" elapsed="0.000110"/>
</kw>
<var name="${line}">https://denude.bandcamp.com/album/a</var>
<status status="PASS" start="2026-02-10T11:32:13.463617" elapsed="0.000210"/>
</iter>
<iter>
<kw name="Append To List" owner="Collections">
<arg>${urls}</arg>
<arg>${line}</arg>
<doc>Adds ``values`` to the end of ``list``.</doc>
<status status="PASS" start="2026-02-10T11:32:13.463965" elapsed="0.000114"/>
</kw>
<var name="${line}">https://faithxtractor.bandcamp.com/album/loathing</var>
<status status="PASS" start="2026-02-10T11:32:13.463901" elapsed="0.000218"/>
</iter>
<iter>
<kw name="Append To List" owner="Collections">
<arg>${urls}</arg>
<arg>${line}</arg>
<doc>Adds ``values`` to the end of ``list``.</doc>
<status status="PASS" start="2026-02-10T11:32:13.464253" elapsed="0.000114"/>
</kw>
<var name="${line}">https://gnostician.bandcamp.com/album/unification-as-an-art</var>
<status status="PASS" start="2026-02-10T11:32:13.464191" elapsed="0.000216"/>
</iter>
<iter>
<kw name="Append To List" owner="Collections">
<arg>${urls}</arg>
<arg>${line}</arg>
<doc>Adds ``values`` to the end of ``list``.</doc>
<status status="PASS" start="2026-02-10T11:32:13.464542" elapsed="0.000113"/>
</kw>
<var name="${line}">https://harvst.bandcamp.com/album/mahlstrom</var>
<status status="PASS" start="2026-02-10T11:32:13.464479" elapsed="0.000216"/>
</iter>
<iter>
<kw name="Append To List" owner="Collections">
<arg>${urls}</arg>
<arg>${line}</arg>
<doc>Adds ``values`` to the end of ``list``.</doc>
<status status="PASS" start="2026-02-10T11:32:13.464828" elapsed="0.000124"/>
</kw>
<var name="${line}">https://hauntedhorses.bandcamp.com/album/dweller</var>
<status status="PASS" start="2026-02-10T11:32:13.464766" elapsed="0.000226"/>
</iter>
<iter>
<kw name="Append To List" owner="Collections">
<arg>${urls}</arg>
<arg>${line}</arg>
<doc>Adds ``values`` to the end of ``list``.</doc>
<status status="PASS" start="2026-02-10T11:32:13.465127" elapsed="0.000113"/>
</kw>
<var name="${line}">https://lordalienoire.bandcamp.com/album/delusion</var>
<status status="PASS" start="2026-02-10T11:32:13.465063" elapsed="0.000220"/>
</iter>
<iter>
<kw name="Append To List" owner="Collections">
<arg>${urls}</arg>
<arg>${line}</arg>
<doc>Adds ``values`` to the end of ``list``.</doc>
<status status="PASS" start="2026-02-10T11:32:13.465422" elapsed="0.000113"/>
</kw>
<var name="${line}">https://obscuresphinx.bandcamp.com/album/emovere</var>
<status status="PASS" start="2026-02-10T11:32:13.465360" elapsed="0.000214"/>
</iter>
<iter>
<kw name="Append To List" owner="Collections">
<arg>${urls}</arg>
<arg>${line}</arg>
<doc>Adds ``values`` to the end of ``list``.</doc>
<status status="PASS" start="2026-02-10T11:32:13.465712" elapsed="0.000119"/>
</kw>
<var name="${line}">https://simulationdefect.bandcamp.com/album/simulation</var>
<status status="PASS" start="2026-02-10T11:32:13.465648" elapsed="0.000222"/>
</iter>
<iter>
<kw name="Append To List" owner="Collections">
<arg>${urls}</arg>
<arg>${line}</arg>
<doc>Adds ``values`` to the end of ``list``.</doc>
<status status="PASS" start="2026-02-10T11:32:13.466004" elapsed="0.000118"/>
</kw>
<var name="${line}">https://sharptonerecords.bandcamp.com/album/keep-planting-flowers</var>
<status status="PASS" start="2026-02-10T11:32:13.465942" elapsed="0.000220"/>
</iter>
<iter>
<kw name="Append To List" owner="Collections">
<arg>${urls}</arg>
<arg>${line}</arg>
<doc>Adds ``values`` to the end of ``list``.</doc>
<status status="PASS" start="2026-02-10T11:32:13.466295" elapsed="0.000111"/>
</kw>
<var name="${line}">https://exilant.bandcamp.com/album/arcadia-forlorn</var>
<status status="PASS" start="2026-02-10T11:32:13.466232" elapsed="0.000213"/>
</iter>
<iter>
<kw name="Append To List" owner="Collections">
<arg>${urls}</arg>
<arg>${line}</arg>
<doc>Adds ``values`` to the end of ``list``.</doc>
<status status="PASS" start="2026-02-10T11:32:13.466683" elapsed="0.000116"/>
</kw>
<var name="${line}">https://thehaloeffectse.bandcamp.com/album/march-of-the-unheard</var>
<status status="PASS" start="2026-02-10T11:32:13.466617" elapsed="0.000223"/>
</iter>
<var>${line}</var>
<value>@{lines.splitlines()}</value>
<status status="PASS" start="2026-02-10T11:32:13.436849" elapsed="0.030037"/>
</for>
<return>
<value>${urls}</value>
<status status="PASS" start="2026-02-10T11:32:13.466956" elapsed="0.000054"/>
</return>
<msg time="2026-02-10T11:32:13.467160" level="INFO">${urls} = ['https://immortalfrostproductions1.bandcamp.com/album/vampyric-war-in-blood', 'https://immortalfrostproductions1.bandcamp.com/album/castle-inside-the-eclipse', 'https://immortalfrostproductions1.band...</msg>
<var>${urls}</var>
<status status="PASS" start="2026-02-10T11:32:13.435454" elapsed="0.031734"/>
</kw>
<kw name="Create File" owner="OperatingSystem">
<msg time="2026-02-10T11:32:13.468089" level="INFO" html="true">Created file '&lt;a href="file://D:\automatizacion\nemesis-automation\robot\bandcamp_tracks.txt"&gt;D:\automatizacion\nemesis-automation\robot\bandcamp_tracks.txt&lt;/a&gt;'.</msg>
<arg>${OUTPUT_FILE}</arg>
<arg>${EMPTY}</arg>
<doc>Creates a file with the given content and encoding.</doc>
<status status="PASS" start="2026-02-10T11:32:13.467400" elapsed="0.000744"/>
</kw>
<kw name="Create File" owner="OperatingSystem">
<msg time="2026-02-10T11:32:13.469074" level="INFO" html="true">Created file '&lt;a href="file://D:\automatizacion\nemesis-automation\robot\failed_pages.txt"&gt;D:\automatizacion\nemesis-automation\robot\failed_pages.txt&lt;/a&gt;'.</msg>
<arg>${FAILED_FILE}</arg>
<arg>${EMPTY}</arg>
<doc>Creates a file with the given content and encoding.</doc>
<status status="PASS" start="2026-02-10T11:32:13.468306" elapsed="0.000820"/>
</kw>
<kw name="Create File" owner="OperatingSystem">
<msg time="2026-02-10T11:32:13.469820" level="INFO" html="true">Created file '&lt;a href="file://D:\automatizacion\nemesis-automation\robot\missing_tracks.txt"&gt;D:\automatizacion\nemesis-automation\robot\missing_tracks.txt&lt;/a&gt;'.</msg>
<arg>${MISSING_FILE}</arg>
<arg>${EMPTY}</arg>
<doc>Creates a file with the given content and encoding.</doc>
<status status="PASS" start="2026-02-10T11:32:13.469275" elapsed="0.000598"/>
</kw>
<kw name="Create Directory" owner="OperatingSystem">
<msg time="2026-02-10T11:32:13.470181" level="INFO" html="true">Directory '&lt;a href="file://D:\automatizacion\nemesis-automation\robot\covers"&gt;D:\automatizacion\nemesis-automation\robot\covers&lt;/a&gt;' already exists.</msg>
<arg>${IMAGE_DIR}</arg>
<doc>Creates the specified directory.</doc>
<status status="PASS" start="2026-02-10T11:32:13.470043" elapsed="0.000185"/>
</kw>
<kw name="Open Browser" owner="SeleniumLibrary">
<msg time="2026-02-10T11:32:13.470716" level="INFO">Opening browser 'Chrome' to base url 'about:blank'.</msg>
<arg>about:blank</arg>
<arg>Chrome</arg>
<doc>Opens a new browser instance to the optional ``url``.</doc>
<status status="PASS" start="2026-02-10T11:32:13.470461" elapsed="1.499910"/>
</kw>
<kw name="Maximize Browser Window" owner="SeleniumLibrary">
<doc>Maximizes current browser window.</doc>
<status status="PASS" start="2026-02-10T11:32:14.970728" elapsed="0.020782"/>
</kw>
<for flavor="IN">
<iter>
<kw name="Log To Console" owner="BuiltIn">
<arg>Procesando: ${url}</arg>
<doc>Logs the given message to the console.</doc>
<status status="PASS" start="2026-02-10T11:32:14.992303" elapsed="0.000233"/>
</kw>
<kw name="Go To" owner="SeleniumLibrary">
<msg time="2026-02-10T11:32:14.992802" level="INFO">Opening url 'https://immortalfrostproductions1.bandcamp.com/album/vampyric-war-in-blood'</msg>
<arg>${url}</arg>
<doc>Navigates the current browser window to the provided ``url``.</doc>
<status status="PASS" start="2026-02-10T11:32:14.992671" elapsed="2.731863"/>
</kw>
<kw name="Sleep" owner="BuiltIn">
<msg time="2026-02-10T11:32:20.724989" level="INFO">Slept 3 seconds.</msg>
<arg>3s</arg>
<doc>Pauses the test executed for the given time.</doc>
<status status="PASS" start="2026-02-10T11:32:17.724713" elapsed="3.000403"/>
</kw>
<kw name="Ejecutar JS Para Cookies">
<kw name="Execute Javascript" owner="SeleniumLibrary">
<msg time="2026-02-10T11:32:20.726961" level="INFO">Executing JavaScript:
let btn=document.querySelector('.cookie-dialog-initial button'); if(btn){btn.click();}
Without any arguments.</msg>
<arg>let btn=document.querySelector('.cookie-dialog-initial button'); if(btn){btn.click();}</arg>
<doc>Executes the given JavaScript code with possible arguments.</doc>
<status status="PASS" start="2026-02-10T11:32:20.725745" elapsed="0.018806"/>
</kw>
<status status="PASS" start="2026-02-10T11:32:20.725381" elapsed="0.019322"/>
</kw>
<kw name="Evaluar Estado Pagina">
<kw name="Get Webdriver">
<msg time="2026-02-10T11:32:20.747554" level="FAIL">No keyword with name 'Get Webdriver' found.</msg>
<var>${driver}</var>
<status status="FAIL" start="2026-02-10T11:32:20.747485" elapsed="0.000139">No keyword with name 'Get Webdriver' found.</status>
</kw>
<kw name="Call Method" owner="BuiltIn">
<var>${result}</var>
<arg>Bandcamp</arg>
<arg>pagina_cargo_correctamente</arg>
<arg>${driver}</arg>
<doc>Calls the named method of the given object with the provided arguments.</doc>
<status status="NOT RUN" start="2026-02-10T11:32:20.747796" elapsed="0.000044"/>
</kw>
<return>
<value>${result}</value>
<status status="NOT RUN" start="2026-02-10T11:32:20.747947" elapsed="0.000045"/>
</return>
<var>${page_ok}</var>
<status status="FAIL" start="2026-02-10T11:32:20.744925" elapsed="0.003230">No keyword with name 'Get Webdriver' found.</status>
</kw>
<if>
<branch type="IF" condition="not ${page_ok}">
<kw name="Append To File" owner="OperatingSystem">
<arg>${FAILED_FILE}</arg>
<arg>${url}\n</arg>
<doc>Appends the given content to the specified file.</doc>
<status status="NOT RUN" start="2026-02-10T11:32:20.748443" elapsed="0.000042"/>
</kw>
<kw name="Continue For Loop" owner="BuiltIn">
<doc>Skips the current FOR loop iteration and continues from the next.</doc>
<status status="NOT RUN" start="2026-02-10T11:32:20.748615" elapsed="0.000040"/>
</kw>
<status status="NOT RUN" start="2026-02-10T11:32:20.748298" elapsed="0.000410"/>
</branch>
<status status="NOT RUN" start="2026-02-10T11:32:20.748263" elapsed="0.000504"/>
</if>
<kw name="Run Keyword And Return Status" owner="BuiltIn">
<var>${album_title}</var>
<arg>Get Text</arg>
<arg>css:.trackTitle</arg>
<doc>Runs the given keyword with given arguments and returns the status as a Boolean value.</doc>
<status status="NOT RUN" start="2026-02-10T11:32:20.748895" elapsed="0.000041"/>
</kw>
<if>
<branch type="IF" condition="not ${album_title}">
<kw name="Append To File" owner="OperatingSystem">
<arg>${MISSING_FILE}</arg>
<arg>${url}\n</arg>
<doc>Appends the given content to the specified file.</doc>
<status status="NOT RUN" start="2026-02-10T11:32:20.749178" elapsed="0.000038"/>
</kw>
<kw name="Continue For Loop" owner="BuiltIn">
<doc>Skips the current FOR loop iteration and continues from the next.</doc>
<status status="NOT RUN" start="2026-02-10T11:32:20.749341" elapsed="0.000038"/>
</kw>
<status status="NOT RUN" start="2026-02-10T11:32:20.749053" elapsed="0.000375"/>
</branch>
<status status="NOT RUN" start="2026-02-10T11:32:20.749021" elapsed="0.000462"/>
</if>
<kw name="Get Text" owner="SeleniumLibrary">
<var>${album_title}</var>
<arg>css:.trackTitle</arg>
<doc>Returns the text value of the element identified by ``locator``.</doc>
<status status="NOT RUN" start="2026-02-10T11:32:20.749596" elapsed="0.000039"/>
</kw>
<kw name="Append To File" owner="OperatingSystem">
<arg>${OUTPUT_FILE}</arg>
<arg>\n### ${album_title} (${url}) ###\n</arg>
<doc>Appends the given content to the specified file.</doc>
<status status="NOT RUN" start="2026-02-10T11:32:20.749753" elapsed="0.000037"/>
</kw>
<kw name="Run Keyword And Return Status" owner="BuiltIn">
<var>${cover_exists}</var>
<arg>Get WebElement</arg>
<arg>css:#tralbumArt img</arg>
<doc>Runs the given keyword with given arguments and returns the status as a Boolean value.</doc>
<status status="NOT RUN" start="2026-02-10T11:32:20.750022" elapsed="0.000042"/>
</kw>
<if>
<branch type="IF" condition="${cover_exists}">
<kw name="Get WebElement" owner="SeleniumLibrary">
<var>${cover_element}</var>
<arg>css:#tralbumArt img</arg>
<doc>Returns the first WebElement matching the given ``locator``.</doc>
<status status="NOT RUN" start="2026-02-10T11:32:20.750296" elapsed="0.000039"/>
</kw>
<kw name="Get Element Attribute" owner="SeleniumLibrary">
<var>${cover_url}</var>
<arg>${cover_element}</arg>
<arg>src</arg>
<doc>Returns the value of ``attribute`` from the element ``locator``.</doc>
<status status="NOT RUN" start="2026-02-10T11:32:20.750465" elapsed="0.000039"/>
</kw>
<kw name="Descargar Imagen">
<arg>${cover_url}</arg>
<arg>${album_title}</arg>
<status status="NOT RUN" start="2026-02-10T11:32:20.750695" elapsed="0.000047"/>
</kw>
<status status="NOT RUN" start="2026-02-10T11:32:20.750170" elapsed="0.000629"/>
</branch>
<status status="NOT RUN" start="2026-02-10T11:32:20.750146" elapsed="0.000705"/>
</if>
<kw name="Get WebElements" owner="SeleniumLibrary">
<var>${tracks}</var>
<arg>css:.track_list .title a</arg>
<doc>Returns a list of WebElement objects matching the ``locator``.</doc>
<status status="NOT RUN" start="2026-02-10T11:32:20.750961" elapsed="0.000040"/>
</kw>
<if>
<branch type="IF" condition="${tracks} == []">
<kw name="Append To File" owner="OperatingSystem">
<arg>${MISSING_FILE}</arg>
<arg>${url}\n</arg>
<doc>Appends the given content to the specified file.</doc>
<status status="NOT RUN" start="2026-02-10T11:32:20.751219" elapsed="0.000037"/>
</kw>
<kw name="Continue For Loop" owner="BuiltIn">
<doc>Skips the current FOR loop iteration and continues from the next.</doc>
<status status="NOT RUN" start="2026-02-10T11:32:20.751376" elapsed="0.000038"/>
</kw>
<status status="NOT RUN" start="2026-02-10T11:32:20.751100" elapsed="0.000362"/>
</branch>
<status status="NOT RUN" start="2026-02-10T11:32:20.751078" elapsed="0.000436"/>
</if>
<for flavor="IN">
<iter>
<kw name="Get Element Attribute" owner="SeleniumLibrary">
<var>${track_url}</var>
<arg>${track}</arg>
<arg>href</arg>
<doc>Returns the value of ``attribute`` from the element ``locator``.</doc>
<status status="NOT RUN" start="2026-02-10T11:32:20.751783" elapsed="0.000040"/>
</kw>
<kw name="Append To File" owner="OperatingSystem">
<arg>${OUTPUT_FILE}</arg>
<arg>${track_url}\n</arg>
<doc>Appends the given content to the specified file.</doc>
<status status="NOT RUN" start="2026-02-10T11:32:20.751971" elapsed="0.000042"/>
</kw>
<var name="${track}"/>
<status status="NOT RUN" start="2026-02-10T11:32:20.751666" elapsed="0.000405"/>
</iter>
<var>${track}</var>
<value>@{tracks}</value>
<status status="NOT RUN" start="2026-02-10T11:32:20.751569" elapsed="0.000560"/>
</for>
<var name="${url}">https://immortalfrostproductions1.bandcamp.com/album/vampyric-war-in-blood</var>
<status status="FAIL" start="2026-02-10T11:32:14.992205" elapsed="5.760021">No keyword with name 'Get Webdriver' found.</status>
</iter>
<var>${url}</var>
<value>@{urls}</value>
<status status="FAIL" start="2026-02-10T11:32:14.991800" elapsed="5.760522">No keyword with name 'Get Webdriver' found.</status>
</for>
<kw name="Close Browser" owner="SeleniumLibrary">
<doc>Closes the current browser.</doc>
<status status="NOT RUN" start="2026-02-10T11:32:20.752665" elapsed="0.000051"/>
</kw>
<status status="FAIL" start="2026-02-10T11:32:13.434844" elapsed="7.318528">No keyword with name 'Get Webdriver' found.</status>
</test>
<status status="FAIL" start="2026-02-10T11:32:13.287281" elapsed="7.467347"/>
</suite>
<statistics>
<total>
<stat pass="0" fail="1" skip="0">All Tests</stat>
</total>
<tag>
</tag>
<suite>
<stat name="Bandcamp" id="s1" pass="0" fail="1" skip="0">Bandcamp</stat>
</suite>
</statistics>
<errors>
<msg time="2026-02-10T11:32:13.433914" level="ERROR">Error in file 'D:\automatizacion\nemesis-automation\robot\bandcamp.robot' on line 5: Library 'robot\keywords\bandcamp_keywords.py' does not exist.</msg>
</errors>
</robot>
